2025-06-19T05:06:59.733Z [info]: [2025-06-19T05:06:59.732Z] Intento de login - Email: admin@cdv.gob.ar | IP: ::1 | Dispositivo: Desktop
2025-06-19T05:07:00.153Z [info]: [2025-06-19T05:06:59.732Z] Login exitoso - ID: 21 | Email: admin@cdv.gob.ar | Rol: administrador | IP: ::1
2025-06-19T05:12:07.105Z [info]: [2025-06-19T05:12:07.105Z] Intento de login - Email: admin@cdv.gob.ar | IP: ::1 | Dispositivo: Desktop
2025-06-19T05:12:07.333Z [info]: [2025-06-19T05:12:07.105Z] Login exitoso - ID: 21 | Email: admin@cdv.gob.ar | Rol: administrador | IP: ::1
2025-06-19T05:28:44.308Z [info]: [2025-06-19T05:28:44.308Z] Intento de login - Email: admin@cdv.gob.ar | IP: ::1 | Dispositivo: Desktop
2025-06-19T05:28:44.727Z [info]: [2025-06-19T05:28:44.308Z] Login exitoso - ID: 21 | Email: admin@cdv.gob.ar | Rol: administrador | IP: ::1
2025-06-19T05:29:52.118Z [info]: [2025-06-19T05:29:52.118Z] Intento de login - Email: admin@cdv.gob.ar | IP: ::1 | Dispositivo: Mobile
2025-06-19T05:29:52.345Z [info]: [2025-06-19T05:29:52.118Z] Login exitoso - ID: 21 | Email: admin@cdv.gob.ar | Rol: administrador | IP: ::1
2025-06-19T05:41:09.126Z [info]: [2025-06-19T05:41:09.125Z] Intento de login - Email: admin@cdv.gob.ar | IP: ::1 | Dispositivo: Desktop
2025-06-19T05:41:09.528Z [info]: [2025-06-19T05:41:09.125Z] Login exitoso - ID: 21 | Email: admin@cdv.gob.ar | Rol: administrador | IP: ::1
2025-06-19T05:43:26.752Z [info]: [2025-06-19T05:43:26.752Z] Intento de login - Email: admin@cdv.gob.ar | IP: ::1 | Dispositivo: Desktop
2025-06-19T05:43:27.167Z [info]: [2025-06-19T05:43:26.752Z] Login exitoso - ID: 21 | Email: admin@cdv.gob.ar | Rol: administrador | IP: ::1
2025-06-19T05:54:26.077Z [info]: [2025-06-19T05:54:26.076Z] Intento de login - Email: admin@cdv.gob.ar | IP: ::1 | Dispositivo: Desktop
2025-06-19T05:54:26.481Z [info]: [2025-06-19T05:54:26.076Z] Login exitoso - ID: 21 | Email: admin@cdv.gob.ar | Rol: administrador | IP: ::1
2025-06-19T06:02:59.632Z [info]: [2025-06-19T06:02:59.632Z] Intento de login - Email: admin@cdv.gob.ar | IP: ::1 | Dispositivo: Desktop
2025-06-19T06:02:59.869Z [info]: [2025-06-19T06:02:59.632Z] Login exitoso - ID: 21 | Email: admin@cdv.gob.ar | Rol: administrador | IP: ::1
2025-06-19T07:28:30.858Z [info]: [2025-06-19T07:28:30.858Z] Intento de login - Email: admin@cdv.gob.ar | IP: ::1 | Dispositivo: Desktop
2025-06-19T07:28:30.973Z [info]: [2025-06-19T07:28:30.858Z] Login exitoso - ID: 21 | Email: admin@cdv.gob.ar | Rol: administrador | IP: ::1
2025-06-19T07:32:31.663Z [info]: [2025-06-19T07:32:31.663Z] Intento de login - Email: admin@cdv.gob.ar | IP: ::1 | Dispositivo: Desktop
2025-06-19T07:32:31.806Z [info]: [2025-06-19T07:32:31.663Z] Login exitoso - ID: 21 | Email: admin@cdv.gob.ar | Rol: administrador | IP: ::1
2025-06-19T07:38:42.817Z [info]: [2025-06-19T07:38:42.817Z] Intento de login - Email: empleado@cdv.gob.ar | IP: ::1 | Dispositivo: Mobile
2025-06-19T07:38:42.951Z [info]: [2025-06-19T07:38:42.817Z] Login exitoso - ID: 22 | Email: empleado@cdv.gob.ar | Rol: administrativo | IP: ::1
2025-06-19T07:54:11.742Z [info]: [2025-06-19T07:54:11.741Z] Intento de login - Email: admin@cdv.gob.ar | IP: ::1 | Dispositivo: Desktop
2025-06-19T07:54:11.907Z [info]: [2025-06-19T07:54:11.741Z] Login exitoso - ID: 21 | Email: admin@cdv.gob.ar | Rol: administrador | IP: ::1
2025-06-19T08:02:26.403Z [info]: [2025-06-19T08:02:26.403Z] Intento de login - Email: admin@cdv.gob.ar | IP: ::1 | Dispositivo: Mobile
2025-06-19T08:02:26.570Z [info]: [2025-06-19T08:02:26.403Z] Login exitoso - ID: 21 | Email: admin@cdv.gob.ar | Rol: administrador | IP: ::1
2025-06-19T08:57:43.975Z [info]: [2025-06-19T08:57:43.974Z] Intento de login - Email: admin@cdv.gob.ar | IP: ::1 | Dispositivo: Desktop
2025-06-19T08:57:44.165Z [info]: [2025-06-19T08:57:43.974Z] Login exitoso - ID: 21 | Email: admin@cdv.gob.ar | Rol: administrador | IP: ::1
2025-06-19T09:03:05.755Z [info]: [2025-06-19T09:03:05.754Z] Intento de login - Email: admin@cdv.gob.ar | IP: ::1 | Dispositivo: Desktop
2025-06-19T09:03:05.932Z [info]: [2025-06-19T09:03:05.754Z] Login exitoso - ID: 21 | Email: admin@cdv.gob.ar | Rol: administrador | IP: ::1
2025-06-19T09:08:22.477Z [info]: [2025-06-19T09:08:22.476Z] Intento de login - Email: admin@cdv.gob.ar | IP: ::1 | Dispositivo: Desktop
2025-06-19T09:08:22.682Z [info]: [2025-06-19T09:08:22.476Z] Login exitoso - ID: 21 | Email: admin@cdv.gob.ar | Rol: administrador | IP: ::1
